
7월 29, 2019 16:45:10.05 NEW SESSION
7월 29, 2019 16:45:10.05 [1976:12756:0729/164510.049:ERROR:browser_process_sub_thread.cc(221)] Waited 13 ms for network service
7월 29, 2019 16:45:10.07 
7월 29, 2019 16:45:10.07 KLIB_SelfTest return : KLR_OK
7월 29, 2019 17:00:58.97 [8504:13508:0729/170058.970:ERROR:browser_process_sub_thread.cc(221)] Waited 9 ms for network service
7월 29, 2019 17:00:59.00 
7월 29, 2019 17:00:59.00 KLIB_SelfTest return : KLR_OK
7월 29, 2019 17:20:44.46 [4216:13416:0729/172044.461:ERROR:browser_process_sub_thread.cc(221)] Waited 11 ms for network service
7월 29, 2019 17:20:44.49 
7월 29, 2019 17:20:44.50 KLIB_SelfTest return : KLR_OK
7월 29, 2019 17:27:43.06 [2280:11592:0729/172743.068:ERROR:browser_process_sub_thread.cc(221)] Waited 58 ms for network service
7월 29, 2019 17:27:43.10 
7월 29, 2019 17:27:43.10 KLIB_SelfTest return : KLR_OK
7월 29, 2019 17:29:51.57 [3372:12548:0729/172951.577:ERROR:browser_process_sub_thread.cc(221)] Waited 22 ms for network service
7월 29, 2019 17:29:51.60 
7월 29, 2019 17:29:51.60 KLIB_SelfTest return : KLR_OK
7월 29, 2019 17:34:24.15 [8716:11764:0729/173424.155:ERROR:browser_process_sub_thread.cc(221)] Waited 16 ms for network service
7월 29, 2019 17:34:24.18 
7월 29, 2019 17:34:24.18 KLIB_SelfTest return : KLR_OK

7월 29, 2019 17:53:53.41 NEW SESSION
7월 29, 2019 17:53:53.41 [3624:10636:0729/175353.414:ERROR:cache_util_win.cc(21)] Unable to move the cache: 액세스가 거부되었습니다. (0x5)
7월 29, 2019 17:53:53.42 [3624:10636:0729/175353.414:ERROR:cache_util.cc(141)] Unable to move cache folder C:\Users\User\AppData\Local\Google\Chrome\User Data\ShaderCache\GPUCache to C:\Users\User\AppData\Local\Google\Chrome\User Data\ShaderCache\old_GPUCache_000
7월 29, 2019 17:53:53.42 [3624:10636:0729/175353.414:ERROR:disk_cache.cc(178)] Unable to create cache
7월 29, 2019 17:53:53.42 [3624:10636:0729/175353.414:ERROR:shader_disk_cache.cc(623)] Shader Cache Creation failed: -2
7월 29, 2019 17:54:04.11 [6564:1060:0729/175404.115:ERROR:cache_util_win.cc(21)] Unable to move the cache: 액세스가 거부되었습니다. (0x5)
7월 29, 2019 17:54:04.11 [6564:1060:0729/175404.115:ERROR:cache_util.cc(141)] Unable to move cache folder C:\Users\User\AppData\Local\Google\Chrome\User Data\ShaderCache\GPUCache to C:\Users\User\AppData\Local\Google\Chrome\User Data\ShaderCache\old_GPUCache_000
7월 29, 2019 17:54:04.12 [6564:1060:0729/175404.115:ERROR:disk_cache.cc(178)] Unable to create cache
7월 29, 2019 17:54:04.12 [6564:1060:0729/175404.115:ERROR:shader_disk_cache.cc(623)] Shader Cache Creation failed: -2
7월 29, 2019 18:03:37.82 [6356:13696:0729/180337.821:ERROR:browser_process_sub_thread.cc(221)] Waited 17 ms for network service
7월 29, 2019 18:03:37.84 
7월 29, 2019 18:03:37.84 KLIB_SelfTest return : KLR_OK
7월 29, 2019 18:04:13.38 [2408:12680:0729/180413.386:ERROR:browser_process_sub_thread.cc(221)] Waited 28 ms for network service
7월 29, 2019 18:04:13.41 
7월 29, 2019 18:04:13.41 KLIB_SelfTest return : KLR_OK
7월 29, 2019 18:07:24.67 [3792:3628:0729/180724.673:ERROR:browser_process_sub_thread.cc(221)] Waited 8 ms for network service
7월 29, 2019 18:07:24.70 
7월 29, 2019 18:07:24.70 KLIB_SelfTest return : KLR_OK
7월 29, 2019 18:09:14.12 [2648:1684:0729/180914.125:ERROR:browser_process_sub_thread.cc(221)] Waited 16 ms for network service
7월 29, 2019 18:09:14.14 
7월 29, 2019 18:09:14.15 KLIB_SelfTest return : KLR_OK
7월 29, 2019 18:09:34.98 [1992:13580:0729/180934.986:ERROR:browser_process_sub_thread.cc(221)] Waited 32 ms for network service
7월 29, 2019 18:09:35.00 
7월 29, 2019 18:09:35.01 KLIB_SelfTest return : KLR_OK
7월 29, 2019 18:41:00.62 [196:884:0729/184100.626:ERROR:browser_process_sub_thread.cc(221)] Waited 14 ms for network service
7월 29, 2019 18:41:00.64 
7월 29, 2019 18:41:00.65 KLIB_SelfTest return : KLR_OK
7월 29, 2019 19:00:54.17 [10196:13268:0729/190054.170:ERROR:browser_process_sub_thread.cc(221)] Waited 25 ms for network service
7월 29, 2019 19:00:54.19 
7월 29, 2019 19:00:54.19 KLIB_SelfTest return : KLR_OK
7월 29, 2019 19:01:23.26 [3108:9192:0729/190123.260:ERROR:browser_process_sub_thread.cc(221)] Waited 24 ms for network service
7월 29, 2019 19:01:23.28 
7월 29, 2019 19:01:23.28 KLIB_SelfTest return : KLR_OK
7월 29, 2019 19:07:53.07 [13112:7124:0729/190753.072:ERROR:browser_process_sub_thread.cc(221)] Waited 26 ms for network service
7월 29, 2019 19:07:53.09 
7월 29, 2019 19:07:53.10 KLIB_SelfTest return : KLR_OK
7월 29, 2019 19:08:00.47 [10356:1284:0729/190800.471:ERROR:browser_process_sub_thread.cc(221)] Waited 21 ms for network service
7월 29, 2019 19:08:00.49 
7월 29, 2019 19:08:00.49 KLIB_SelfTest return : KLR_OK
7월 29, 2019 19:31:22.46 [12524:10596:0729/193122.461:ERROR:browser_process_sub_thread.cc(221)] Waited 12 ms for network service
7월 29, 2019 19:31:22.49 
7월 29, 2019 19:31:22.50 KLIB_SelfTest return : KLR_OK
7월 29, 2019 19:55:47.44 [6564:12516:0729/195547.445:ERROR:browser_process_sub_thread.cc(221)] Waited 27 ms for network service
7월 29, 2019 19:55:47.47 
7월 29, 2019 19:55:47.47 KLIB_SelfTest return : KLR_OK
7월 29, 2019 20:42:16.43 [14120:14380:0729/204216.435:ERROR:browser_process_sub_thread.cc(221)] Waited 21 ms for network service
7월 29, 2019 20:42:16.46 
7월 29, 2019 20:42:16.47 KLIB_SelfTest return : KLR_OK
7월 29, 2019 20:53:26.74 [6072:928:0729/205326.749:ERROR:browser_process_sub_thread.cc(221)] Waited 22 ms for network service
7월 29, 2019 20:53:26.78 
7월 29, 2019 20:53:26.78 KLIB_SelfTest return : KLR_OK
7월 29, 2019 20:53:50.03 [11360:11196:0729/205350.036:ERROR:browser_process_sub_thread.cc(221)] Waited 17 ms for network service
7월 29, 2019 20:53:50.05 
7월 29, 2019 20:53:50.06 KLIB_SelfTest return : KLR_OK
7월 29, 2019 21:04:50.35 [11340:10824:0729/210450.351:ERROR:browser_process_sub_thread.cc(221)] Waited 28 ms for network service
7월 29, 2019 21:04:50.41 
7월 29, 2019 21:04:50.42 KLIB_SelfTest return : KLR_OK

7월 30, 2019 17:03:11.24 NEW SESSION
7월 30, 2019 17:03:11.24 [8872:6580:0730/170311.121:ERROR:textfield.cc(1758)] NOT IMPLEMENTED
7월 30, 2019 17:08:22.37 [8872:13728:0730/170822.372:ERROR:browser_process_sub_thread.cc(221)] Waited 14 ms for network service
7월 30, 2019 17:08:22.39 
7월 30, 2019 17:08:22.40 KLIB_SelfTest return : KLR_OK
7월 30, 2019 17:08:31.42 [2128:9748:0730/170831.420:ERROR:browser_process_sub_thread.cc(221)] Waited 20 ms for network service
7월 30, 2019 17:08:31.44 
7월 30, 2019 17:08:31.45 KLIB_SelfTest return : KLR_OK
7월 30, 2019 19:03:24.34 [8364:8252:0730/190324.346:ERROR:browser_process_sub_thread.cc(221)] Waited 16 ms for network service
7월 30, 2019 19:03:24.37 
7월 30, 2019 19:03:24.38 KLIB_SelfTest return : KLR_OK

7월 31, 2019 10:42:58.70 NEW SESSION
7월 31, 2019 10:42:58.70 [7800:14032:0731/104258.703:ERROR:browser_process_sub_thread.cc(221)] Waited 21 ms for network service
7월 31, 2019 10:42:58.73 
7월 31, 2019 10:42:58.74 KLIB_SelfTest return : KLR_OK
7월 31, 2019 11:22:58.38 [6224:10968:0731/112258.385:ERROR:browser_process_sub_thread.cc(221)] Waited 15 ms for network service
7월 31, 2019 11:22:58.41 
7월 31, 2019 11:22:58.42 KLIB_SelfTest return : KLR_OK
7월 31, 2019 11:44:20.72 [9880:4260:0731/114420.722:ERROR:browser_process_sub_thread.cc(221)] Waited 6 ms for network service
7월 31, 2019 11:44:20.75 
7월 31, 2019 11:44:20.76 KLIB_SelfTest return : KLR_OK
7월 31, 2019 11:49:17.02 [1028:5712:0731/114917.020:ERROR:browser_process_sub_thread.cc(221)] Waited 15 ms for network service
7월 31, 2019 11:49:17.04 
7월 31, 2019 11:49:17.05 KLIB_SelfTest return : KLR_OK
7월 31, 2019 11:50:13.91 [7784:8656:0731/115013.915:ERROR:browser_process_sub_thread.cc(221)] Waited 19 ms for network service
7월 31, 2019 11:50:13.93 
7월 31, 2019 11:50:13.94 KLIB_SelfTest return : KLR_OK
7월 31, 2019 12:00:52.42 [9892:15024:0731/120052.424:ERROR:browser_process_sub_thread.cc(221)] Waited 24 ms for network service
7월 31, 2019 12:00:52.44 
7월 31, 2019 12:00:52.45 KLIB_SelfTest return : KLR_OK
7월 31, 2019 12:05:45.14 [13340:2440:0731/120545.144:ERROR:browser_process_sub_thread.cc(221)] Waited 16 ms for network service
7월 31, 2019 12:05:45.16 
7월 31, 2019 12:05:45.17 KLIB_SelfTest return : KLR_OK
7월 31, 2019 14:44:07.19 [10672:6216:0731/144407.196:ERROR:browser_process_sub_thread.cc(221)] Waited 6 ms for network service
7월 31, 2019 14:44:07.22 
7월 31, 2019 14:44:07.23 KLIB_SelfTest return : KLR_OK
7월 31, 2019 15:57:33.18 [11396:3516:0731/155733.186:ERROR:browser_process_sub_thread.cc(221)] Waited 29 ms for network service
7월 31, 2019 15:57:33.22 
7월 31, 2019 15:57:33.22 KLIB_SelfTest return : KLR_OK

7월 31, 2019 16:41:57.06 NEW SESSION
7월 31, 2019 16:41:57.06 [5848:13984:0731/164157.057:ERROR:textfield.cc(1758)] NOT IMPLEMENTED
7월 31, 2019 16:47:01.26 [5848:13436:0731/164701.269:ERROR:browser_process_sub_thread.cc(221)] Waited 17 ms for network service
7월 31, 2019 16:47:01.30 
7월 31, 2019 16:47:01.31 KLIB_SelfTest return : KLR_OK

7월 31, 2019 20:16:39.94 NEW SESSION
7월 31, 2019 20:16:39.94 [15600:15676:0731/201639.944:ERROR:browser_process_sub_thread.cc(221)] Waited 11 ms for network service
7월 31, 2019 20:16:39.98 
7월 31, 2019 20:16:39.99 KLIB_SelfTest return : KLR_OK
7월 31, 2019 20:29:13.04 [3496:3640:0731/202913.044:ERROR:browser_process_sub_thread.cc(221)] Waited 13 ms for network service
7월 31, 2019 20:29:13.06 
7월 31, 2019 20:29:13.07 KLIB_SelfTest return : KLR_OK
7월 31, 2019 20:55:52.89 [10284:5736:0731/205552.898:ERROR:service_manager_context.cc(242)] Attempting to run unsupported native service: C:\Program Files (x86)\Google\Chrome\Application\75.0.3770.142\content_browser.service.exe
7월 31, 2019 20:55:52.91 [10284:5736:0731/205552.899:ERROR:service_manager_context.cc(242)] Attempting to run unsupported native service: C:\Program Files (x86)\Google\Chrome\Application\75.0.3770.142\content_browser.service.exe
7월 31, 2019 20:55:52.92 [10284:5736:0731/205552.901:ERROR:service_manager_context.cc(242)] Attempting to run unsupported native service: C:\Program Files (x86)\Google\Chrome\Application\75.0.3770.142\content_browser.service.exe
7월 31, 2019 20:55:52.93 [10284:5736:0731/205552.938:ERROR:browser_process_sub_thread.cc(221)] Waited 31 ms for network service
7월 31, 2019 20:55:52.99 
7월 31, 2019 20:55:53.00 KLIB_SelfTest return : KLR_OK
7월 31, 2019 21:10:57.05 [13456:8536:0731/211057.057:ERROR:browser_process_sub_thread.cc(221)] Waited 17 ms for network service
7월 31, 2019 21:10:57.08 
7월 31, 2019 21:10:57.09 KLIB_SelfTest return : KLR_OK
7월 31, 2019 21:18:32.06 [10408:15640:0731/211832.061:ERROR:browser_process_sub_thread.cc(221)] Waited 32 ms for network service
7월 31, 2019 21:18:32.09 
7월 31, 2019 21:18:32.09 KLIB_SelfTest return : KLR_OK

8월 01, 2019 16:02:11.50 NEW SESSION
8월 01, 2019 16:02:11.50 [4900:11828:0801/160211.507:ERROR:browser_process_sub_thread.cc(221)] Waited 12 ms for network service
8월 01, 2019 16:02:11.56 
8월 01, 2019 16:02:11.57 KLIB_SelfTest return : KLR_OK
8월 01, 2019 16:11:51.53 [10816:15000:0801/161151.532:ERROR:browser_process_sub_thread.cc(221)] Waited 29 ms for network service
8월 01, 2019 16:11:51.56 
8월 01, 2019 16:11:51.56 KLIB_SelfTest return : KLR_OK
8월 01, 2019 16:44:43.84 [9356:10588:0801/164443.841:ERROR:audio_manager_base.cc(363)] Invalid audio output parameters received; using fake audio path: format: 0, channel_layout: 0, channels: 0, sample_rate: 0, frames_per_buffer: 0, effects: 0, mic_positions: 
8월 01, 2019 16:44:44.40 [9356:3468:0801/164444.409:ERROR:platform_sensor_reader_win.cc(244)] NOT IMPLEMENTED
8월 01, 2019 17:34:52.29 [9356:10588:0801/173452.295:ERROR:audio_manager_base.cc(363)] Invalid audio output parameters received; using fake audio path: format: 0, channel_layout: 0, channels: 0, sample_rate: 0, frames_per_buffer: 0, effects: 0, mic_positions: 
8월 01, 2019 17:38:10.10 [9356:12184:0801/173810.109:ERROR:browser_process_sub_thread.cc(221)] Waited 18 ms for network service
8월 01, 2019 17:38:10.16 
8월 01, 2019 17:38:10.16 KLIB_SelfTest return : KLR_OK
8월 01, 2019 17:50:57.79 [2592:15852:0801/175057.799:ERROR:service_manager_context.cc(242)] Attempting to run unsupported native service: C:\Program Files (x86)\Google\Chrome\Application\75.0.3770.142\content_browser.service.exe
8월 01, 2019 17:50:57.80 [2592:15852:0801/175057.799:ERROR:service_manager_context.cc(242)] Attempting to run unsupported native service: C:\Program Files (x86)\Google\Chrome\Application\75.0.3770.142\content_browser.service.exe
8월 01, 2019 17:50:57.81 [2592:15852:0801/175057.799:ERROR:service_manager_context.cc(242)] Attempting to run unsupported native service: C:\Program Files (x86)\Google\Chrome\Application\75.0.3770.142\content_browser.service.exe
8월 01, 2019 17:50:57.82 [2592:15852:0801/175057.816:ERROR:browser_process_sub_thread.cc(221)] Waited 10 ms for network service
8월 01, 2019 17:50:57.87 
8월 01, 2019 17:50:57.87 KLIB_SelfTest return : KLR_OK
8월 01, 2019 17:58:35.28 [15880:7424:0801/175835.280:ERROR:browser_process_sub_thread.cc(221)] Waited 21 ms for network service
8월 01, 2019 17:58:35.32 
8월 01, 2019 17:58:35.33 KLIB_SelfTest return : KLR_OK
8월 01, 2019 18:06:20.06 [12904:2920:0801/180620.063:ERROR:browser_process_sub_thread.cc(221)] Waited 8 ms for network service
8월 01, 2019 18:06:20.09 
8월 01, 2019 18:06:20.10 KLIB_SelfTest return : KLR_OK
8월 01, 2019 18:09:55.56 [8812:12132:0801/180955.561:ERROR:browser_process_sub_thread.cc(221)] Waited 11 ms for network service
8월 01, 2019 18:09:55.59 
8월 01, 2019 18:09:55.60 KLIB_SelfTest return : KLR_OK
8월 01, 2019 19:36:07.71 [8628:5308:0801/193607.714:ERROR:service_manager_context.cc(242)] Attempting to run unsupported native service: C:\Program Files (x86)\Google\Chrome\Application\75.0.3770.142\content_browser.service.exe
8월 01, 2019 19:36:07.73 [8628:5308:0801/193607.732:ERROR:browser_process_sub_thread.cc(221)] Waited 12 ms for network service
8월 01, 2019 19:36:07.77 
8월 01, 2019 19:36:07.77 KLIB_SelfTest return : KLR_OK

8월 02, 2019 10:43:55.92 NEW SESSION
8월 02, 2019 10:43:55.92 [12424:11552:0802/104355.922:ERROR:browser_process_sub_thread.cc(221)] Waited 19 ms for network service
8월 02, 2019 10:43:55.94 
8월 02, 2019 10:43:55.95 KLIB_SelfTest return : KLR_OK

8월 02, 2019 10:58:01.95 NEW SESSION
8월 02, 2019 10:58:01.95 [8484:12188:0802/105801.951:ERROR:browser_process_sub_thread.cc(221)] Waited 11 ms for network service
8월 02, 2019 10:58:01.97 
8월 02, 2019 10:58:01.98 KLIB_SelfTest return : KLR_OK
8월 02, 2019 11:59:06.45 [11716:3616:0802/115906.454:ERROR:browser_process_sub_thread.cc(221)] Waited 18 ms for network service
8월 02, 2019 11:59:06.52 
8월 02, 2019 11:59:06.52 KLIB_SelfTest return : KLR_OK

8월 03, 2019 11:58:12.51 NEW SESSION
8월 03, 2019 11:58:12.51 [12880:12424:0803/115812.516:ERROR:browser_process_sub_thread.cc(221)] Waited 26 ms for network service
8월 03, 2019 11:58:12.53 
8월 03, 2019 11:58:12.54 KLIB_SelfTest return : KLR_OK
8월 03, 2019 15:16:53.70 [4008:13808:0803/151653.709:ERROR:socket_stream.cc(219)] Closing stream with result -2
8월 03, 2019 17:27:41.70 [4008:13808:0803/172741.703:ERROR:mcs_client.cc(754)] Received close command, resetting connection.
8월 03, 2019 18:07:30.10 [4008:13808:0803/180730.102:ERROR:browser_process_sub_thread.cc(221)] Waited 16 ms for network service
8월 03, 2019 18:07:30.14 
8월 03, 2019 18:07:30.14 KLIB_SelfTest return : KLR_OK
